<?xml version="1.0" encoding="UTF-8"?>
<!-- Generated by org.testng.reporters.JUnitReportReporter -->
<testsuite skipped="0" hostname="DESKTOP-U3TR6TQ" name="seleniumConcepts.JavascriptExecutor1" tests="1" failures="0" timestamp="23 Jun 2023 10:52:26 GMT" time="12.852" errors="0">
  <testcase name="testCase1" time="12.852" classname="seleniumConcepts.JavascriptExecutor1"/>
</testsuite> <!-- seleniumConcepts.JavascriptExecutor1 -->
