<?xml version="1.0" encoding="UTF-8"?>
<!-- Generated by org.testng.reporters.JUnitReportReporter -->
<testsuite skipped="0" hostname="DESKTOP-U3TR6TQ" name="seleniumConcepts.StaleElementExceptionExample" tests="1" failures="0" timestamp="28 Jun 2023 06:39:22 GMT" time="18.372" errors="0">
  <testcase name="testCase1" time="18.372" classname="seleniumConcepts.StaleElementExceptionExample"/>
</testsuite> <!-- seleniumConcepts.StaleElementExceptionExample -->
