<?xml version="1.0" encoding="UTF-8"?>
<!-- Generated by org.testng.reporters.JUnitReportReporter -->
<testsuite skipped="0" hostname="DESKTOP-U3TR6TQ" name="testCasesForamazon.Test3" tests="1" failures="0" timestamp="23 Jun 2023 09:34:00 GMT" time="23.236" errors="0">
  <testcase name="testCase3" time="23.236" classname="testCasesForamazon.Test3"/>
</testsuite> <!-- testCasesForamazon.Test3 -->
