<?xml version="1.0" encoding="UTF-8"?>
<!-- Generated by org.testng.reporters.JUnitReportReporter -->
<testsuite skipped="0" hostname="DESKTOP-U3TR6TQ" name="testCasesForamazon.Test1" tests="1" failures="0" timestamp="23 Jun 2023 10:56:11 GMT" time="24.772" errors="0">
  <testcase name="testCase1" time="24.772" classname="testCasesForamazon.Test1"/>
</testsuite> <!-- testCasesForamazon.Test1 -->
