<?xml version="1.0" encoding="UTF-8"?>
<!-- Generated by org.testng.reporters.JUnitReportReporter -->
<testsuite skipped="0" hostname="DESKTOP-U3TR6TQ" name="testCasesForamazon.Test2" tests="1" failures="0" timestamp="23 Jun 2023 09:34:00 GMT" time="25.149" errors="0">
  <testcase name="testCase2" time="25.149" classname="testCasesForamazon.Test2"/>
</testsuite> <!-- testCasesForamazon.Test2 -->
