<?xml version="1.0" encoding="UTF-8"?>
<!-- Generated by org.testng.reporters.JUnitReportReporter -->
<testsuite skipped="0" hostname="DESKTOP-U3TR6TQ" name="seleniumConcepts.ShadowRootExample" tests="1" failures="0" timestamp="23 Jun 2023 11:00:03 GMT" time="10.889" errors="0">
  <testcase name="testCase1" time="10.889" classname="seleniumConcepts.ShadowRootExample"/>
</testsuite> <!-- seleniumConcepts.ShadowRootExample -->
