<?xml version="1.0" encoding="UTF-8"?>
<!-- Generated by org.testng.reporters.JUnitReportReporter -->
<testsuite skipped="0" hostname="DESKTOP-U3TR6TQ" name="testRunner.TestRunner" tests="3" failures="0" timestamp="27 Jun 2023 06:02:50 GMT" time="0.215" errors="0">
  <testcase name="runScenario" time="0.006" classname="testRunner.TestRunner"/>
  <testcase name="runScenario" time="0.013" classname="testRunner.TestRunner"/>
  <testcase name="runScenario" time="0.196" classname="testRunner.TestRunner"/>
</testsuite> <!-- testRunner.TestRunner -->
