<?xml version="1.0" encoding="UTF-8"?>
<!-- Generated by org.testng.reporters.JUnitReportReporter -->
<testsuite skipped="0" hostname="DESKTOP-U3TR6TQ" name="annotations.ParamWithExcel" tests="16" failures="0" timestamp="08 May 2023 10:01:15 GMT" time="0.007" errors="0">
  <testcase name="testcase1" time="0.001" classname="annotations.ParamWithExcel"/>
  <testcase name="testcase1" time="0.000" classname="annotations.ParamWithExcel"/>
  <testcase name="testcase1" time="0.001" classname="annotations.ParamWithExcel"/>
  <testcase name="testcase1" time="0.000" classname="annotations.ParamWithExcel"/>
  <testcase name="testcase1" time="0.001" classname="annotations.ParamWithExcel"/>
  <testcase name="testcase1" time="0.000" classname="annotations.ParamWithExcel"/>
  <testcase name="testcase1" time="0.002" classname="annotations.ParamWithExcel"/>
  <testcase name="testcase1" time="0.000" classname="annotations.ParamWithExcel"/>
  <testcase name="testcase1" time="0.000" classname="annotations.ParamWithExcel"/>
  <testcase name="testcase1" time="0.000" classname="annotations.ParamWithExcel"/>
  <testcase name="testcase1" time="0.001" classname="annotations.ParamWithExcel"/>
  <testcase name="testcase1" time="0.000" classname="annotations.ParamWithExcel"/>
  <testcase name="testcase1" time="0.000" classname="annotations.ParamWithExcel"/>
  <testcase name="testcase1" time="0.001" classname="annotations.ParamWithExcel"/>
  <testcase name="testcase1" time="0.000" classname="annotations.ParamWithExcel"/>
  <testcase name="testcase1" time="0.000" classname="annotations.ParamWithExcel"/>
</testsuite> <!-- annotations.ParamWithExcel -->
