<?xml version="1.0" encoding="UTF-8"?>
<!-- Generated by org.testng.reporters.JUnitReportReporter -->
<testsuite skipped="0" hostname="DESKTOP-U3TR6TQ" name="annotations.Order" tests="3" failures="0" timestamp="08 May 2023 10:01:15 GMT" time="0.015" errors="0">
  <testcase name="Deletemail" time="0.015" classname="annotations.Order"/>
  <testcase name="login" time="0.000" classname="annotations.Order"/>
  <testcase name="composemail" time="0.000" classname="annotations.Order"/>
</testsuite> <!-- annotations.Order -->
