<?xml version="1.0" encoding="UTF-8"?>
<!-- Generated by org.testng.reporters.JUnitReportReporter -->
<testsuite skipped="0" hostname="DESKTOP-U3TR6TQ" name="annotations.WorkWithExcel" tests="1" failures="0" timestamp="08 May 2023 10:01:15 GMT" time="0.363" errors="0">
  <testcase name="workWithxl" time="0.363" classname="annotations.WorkWithExcel"/>
</testsuite> <!-- annotations.WorkWithExcel -->
