<?xml version="1.0" encoding="UTF-8"?>
<!-- Generated by org.testng.reporters.JUnitReportReporter -->
<testsuite skipped="0" hostname="DESKTOP-U3TR6TQ" name="annotations.Annot" tests="3" failures="0" timestamp="08 May 2023 10:01:15 GMT" time="0.005" errors="0">
  <testcase name="testCase2" time="0.002" classname="annotations.Annot"/>
  <testcase name="testCase1" time="0.002" classname="annotations.Annot"/>
  <testcase name="testCase3" time="0.001" classname="annotations.Annot"/>
</testsuite> <!-- annotations.Annot -->
