<?xml version="1.0" encoding="UTF-8"?>
<!-- Generated by org.testng.reporters.JUnitReportReporter -->
<testsuite skipped="0" hostname="DESKTOP-U3TR6TQ" name="testRunner.TestRunner" tests="3" failures="0" timestamp="28 Jun 2023 06:58:36 GMT" time="88.795" errors="0">
  <testcase name="runScenario" time="29.167" classname="testRunner.TestRunner"/>
  <testcase name="runScenario" time="32.927" classname="testRunner.TestRunner"/>
  <testcase name="runScenario" time="26.701" classname="testRunner.TestRunner"/>
</testsuite> <!-- testRunner.TestRunner -->
