<?xml version="1.0" encoding="UTF-8"?>
<!-- Generated by org.testng.reporters.JUnitReportReporter -->
<testsuite skipped="0" hostname="DESKTOP-U3TR6TQ" name="testCasesForAmazon.Test1" tests="1" failures="0" timestamp="11 May 2023 04:00:55 GMT" time="16.104" errors="0">
  <testcase name="testCase1" time="16.104" classname="testCasesForAmazon.Test1"/>
</testsuite> <!-- testCasesForAmazon.Test1 -->
