<?xml version="1.0" encoding="UTF-8"?>
<!-- Generated by org.testng.reporters.JUnitReportReporter -->
<testsuite skipped="0" hostname="DESKTOP-U3TR6TQ" name="testBase.TestBase" tests="2" failures="0" timestamp="10 May 2023 09:13:52 GMT" time="9.135" errors="0">
  <testcase name="openBrowser" time="8.119" classname="testBase.TestBase"/>
  <testcase name="closeBrowser" time="1.016" classname="testBase.TestBase"/>
</testsuite> <!-- testBase.TestBase -->
