<?xml version="1.0" encoding="UTF-8"?>
<!-- Generated by org.testng.reporters.JUnitReportReporter -->
<testsuite skipped="0" hostname="DESKTOP-U3TR6TQ" name="testCasesForAmazon.Test2" tests="1" failures="0" timestamp="11 May 2023 04:00:55 GMT" time="32.584" errors="0">
  <testcase name="testCase2" time="32.584" classname="testCasesForAmazon.Test2"/>
</testsuite> <!-- testCasesForAmazon.Test2 -->
