<?xml version="1.0" encoding="UTF-8"?>
<!-- Generated by org.testng.reporters.JUnitReportReporter -->
<testsuite skipped="0" hostname="DESKTOP-U3TR6TQ" name="testCases.Test123" tests="3" failures="0" timestamp="11 May 2023 11:16:03 GMT" time="73.139" errors="0">
  <testcase name="testCase123" time="14.419" classname="testCases.Test123"/>
  <testcase name="testCase123" time="31.955" classname="testCases.Test123"/>
  <testcase name="testCase123" time="26.765" classname="testCases.Test123"/>
</testsuite> <!-- testCases.Test123 -->
