<?xml version="1.0" encoding="UTF-8"?>
<!-- Generated by org.testng.reporters.JUnitReportReporter -->
<testsuite skipped="1" hostname="DESKTOP-U3TR6TQ" name="annot.Annot" tests="3" failures="0" timestamp="28 Jun 2023 09:23:11 GMT" time="0.016" errors="0">
  <testcase name="testCase1" time="0.014" classname="annot.Annot"/>
  <testcase name="testCase2" time="0.001" classname="annot.Annot">
    <skipped/>
  </testcase> <!-- testCase2 -->
  <testcase name="testCase3" time="0.001" classname="annot.Annot"/>
</testsuite> <!-- annot.Annot -->
