<?xml version="1.0" encoding="UTF-8"?>
<!-- Generated by org.testng.reporters.JUnitReportReporter -->
<testsuite skipped="0" hostname="DESKTOP-U3TR6TQ" name="annot.HardAssetEx" tests="1" failures="0" timestamp="23 Jun 2023 06:17:44 GMT" time="0.006" errors="0">
  <testcase name="testCase1" time="0.006" classname="annot.HardAssetEx"/>
</testsuite> <!-- annot.HardAssetEx -->
