<?xml version="1.0" encoding="UTF-8"?>
<!-- Generated by org.testng.reporters.JUnitReportReporter -->
<testsuite skipped="0" hostname="DESKTOP-U3TR6TQ" name="javaConcepts.HashSetExample" tests="1" failures="0" timestamp="11 May 2023 06:30:39 GMT" time="0.015" errors="0">
  <testcase name="testCase1" time="0.015" classname="javaConcepts.HashSetExample"/>
</testsuite> <!-- javaConcepts.HashSetExample -->
