<?xml version="1.0" encoding="UTF-8"?>
<!-- Generated by org.testng.reporters.JUnitReportReporter -->
<testsuite skipped="0" hostname="DESKTOP-U3TR6TQ" name="testRunner.TestRunner" tests="3" failures="0" timestamp="27 Jun 2023 06:08:35 GMT" time="106.465" errors="0">
  <testcase name="runScenario" time="33.083" classname="testRunner.TestRunner"/>
  <testcase name="runScenario" time="30.185" classname="testRunner.TestRunner"/>
  <testcase name="runScenario" time="43.197" classname="testRunner.TestRunner"/>
</testsuite> <!-- testRunner.TestRunner -->
