<?xml version="1.0" encoding="UTF-8"?>
<!-- Generated by org.testng.reporters.JUnitReportReporter -->
<testsuite skipped="0" hostname="DESKTOP-U3TR6TQ" name="seleniumConcepts.HealeniumConcept" tests="1" failures="0" timestamp="27 Jun 2023 07:30:47 GMT" time="68.695" errors="0">
  <testcase name="testCase1" time="68.695" classname="seleniumConcepts.HealeniumConcept"/>
</testsuite> <!-- seleniumConcepts.HealeniumConcept -->
