<?xml version="1.0" encoding="UTF-8"?>
<!-- Generated by org.testng.reporters.JUnitReportReporter -->
<testsuite skipped="0" hostname="DESKTOP-U3TR6TQ" name="testRunner.TestRunner2" tests="3" failures="0" timestamp="27 Jun 2023 06:47:01 GMT" time="143.709" errors="0">
  <testcase name="runScenario" time="40.253" classname="testRunner.TestRunner2"/>
  <testcase name="runScenario" time="50.727" classname="testRunner.TestRunner2"/>
  <testcase name="runScenario" time="52.729" classname="testRunner.TestRunner2"/>
</testsuite> <!-- testRunner.TestRunner2 -->
