<?xml version="1.0" encoding="UTF-8"?>
<!-- Generated by org.testng.reporters.JUnitReportReporter -->
<testsuite skipped="0" hostname="DESKTOP-U3TR6TQ" name="testRunner.TestRunner" tests="3" failures="0" timestamp="28 Jun 2023 06:12:26 GMT" time="88.454" errors="0">
  <testcase name="runScenario" time="33.784" classname="testRunner.TestRunner"/>
  <testcase name="runScenario" time="24.935" classname="testRunner.TestRunner"/>
  <testcase name="runScenario" time="29.735" classname="testRunner.TestRunner"/>
</testsuite> <!-- testRunner.TestRunner -->
