<?xml version="1.0" encoding="UTF-8"?>
<!-- Generated by org.testng.reporters.JUnitReportReporter -->
<testsuite skipped="0" hostname="DESKTOP-U3TR6TQ" name="testBase.TestBase" tests="2" failures="0" timestamp="27 Jun 2023 09:44:09 GMT" time="5.974" errors="0">
  <testcase name="openBrowser" time="5.199" classname="testBase.TestBase"/>
  <testcase name="closeBrowser" time="0.775" classname="testBase.TestBase"/>
</testsuite> <!-- testBase.TestBase -->
